# Event Log Opened on 2021-02-01T15:05:36.284332
# Event Detection
# bandwidth =        8.000000 MHz
# vlen      =   4096
#E       MJD           vector #   second  micro.sec  NV  Zero#   Peak       RMS    Event# Offset
#V       MJD           vector #   second  micro.sec  NV  Zero#
59246.628901881471               1 54337 122559.128   1     0 
59246.628956105204            8752 54341 807489.586   1  4096   0.012797   0.002580     1  7648
59246.628965700060           10002 54342 636485.165   1  4096 
59246.629026529146           20003 54347 892118.245   1     0 
59246.629092123090           30004 54353 559434.996   1  4096 
59246.629159995777           40005 54359 423635.108   1     0 
59246.629246218719           50006 54366 873297.351   2     0 
59246.629307645686           60007 54372 180587.263   1     0 
59246.629393187715           70008 54379 571418.604   1  4096 
59246.629461765988           80009 54385 496581.346   1     0 
59246.629532448045           90011 54391 603511.106   2  4096 
59246.629594477439          100012 54396 962850.750   1  4096 
59246.629656317302          110013 54402 305814.880   1     0 
59246.629714657334          120014 54407 346393.680   1  4096 
59246.629773378845          130015 54412 419932.219   1     0 
59246.629831416452          140017 54417 434381.484   2  4096 
59246.629903229659          150018 54423 639042.559   1  4096 
59246.629979600119          160019 54430 237450.241   1     0 
59246.630062723729          170020 54437 419330.166   1  4096 
59246.630120664428          180021 54442 425406.538   1     0 
59246.630177893589          190023 54447 370006.051   2  4096 
59246.630238525162          200024 54452 608573.996   1  4096 
59246.630298279910          210025 54457 771384.204   1     0 
59246.630359206807          220026 54463  35468.129   1  4096 
59246.630420089852          230028 54468 295763.223   2     0 
59246.630479889260          240029 54473 462432.041   2  4096 
