# Event Log Opened on 2019-03-26T14:26:46.539206
# Event Detection
# bandwidth = 10000000.000000 MHz
# vlen      =    512
#  N      MJD          second  micro.sec    Peak       RMS
0001 58568.601965696864 52009 836209.030   4.108752   0.994458
0002 58568.601985408219 52011 539270.100   3.902310   0.996157
0003 58568.602024291009 52014 898743.178   3.951846   0.996466
0004 58568.602060568817 52018  33145.810   4.089274   1.000724
0005 58568.602072809677 52019  90756.122   3.980180   0.998683
0006 58568.602086674015 52020 288634.859   3.594060   0.997881
0007 58568.602087030893 52020 319469.157   3.630326   1.003976
0008 58568.602087475279 52020 357864.141   3.839134   1.004833
0009 58568.602087986976 52020 402074.698   3.937296   0.996134
0010 58568.602090218381 52020 594868.110   3.523707   1.001956
0011 58568.602090434142 52020 613509.882   3.785010   0.999189
0012 58568.602091821202 52020 733351.819   3.498007   0.999544
0013 58568.602093967347 52020 918778.796   3.402488   1.001543
0014 58568.602094251481 52020 943327.923   3.288560   0.995088
0015 58568.602094814873 52020 992004.988   3.621533   0.994925
0016 58568.602095470691 52021  48667.701   3.304468   1.000405
0017 58568.602095741167 52021  72036.866   3.370479   1.000993
0018 58568.602096295021 52021 119889.780   3.191068   0.992813
0019 58568.602096886629 52021 171004.721   3.333985   1.002465
0020 58568.602097038551 52021 184130.781   3.271514   1.001278
0021 58568.602097319133 52021 208373.131   3.213904   0.999052
0022 58568.602097649455 52021 236912.883   3.463750   0.997484
0023 58568.602097759191 52021 246394.073   3.424522   0.999617
0024 58568.602098284748 52021 291802.195   3.358882   0.999104
0025 58568.602098544550 52021 314249.141   3.101890   0.995458
0026 58568.602098882060 52021 343409.992   3.136026   0.996466
0027 58568.602099467185 52021 393964.812   3.172071   1.001917
0028 58568.602099507210 52021 397422.976   3.169661   1.001631
0029 58568.602099826610 52021 425019.135   3.180747   1.003637
0030 58568.602100078751 52021 446804.120   3.395825   0.995911
0031 58568.602100531374 52021 485910.728   3.630797   1.002096
0032 58568.602100814365 52021 510361.158   3.225582   0.991361
0033 58568.602101117300 52021 536534.699   3.127564   1.000637
0034 58568.602101337288 52021 555541.712   3.188298   0.996841
0035 58568.602101674063 52021 584639.070   3.302638   1.002101
0036 58568.602101914395 52021 605403.768   3.515694   0.998088
0037 58568.602102191137 52021 629314.194   3.111684   1.004009
0038 58568.602102374847 52021 645186.795   3.060709   0.998890
0039 58568.602102653655 52021 669275.756   3.357605   0.997682
0040 58568.602102979974 52021 697469.754   3.018902   0.998695
0041 58568.602103214580 52021 717739.711   3.032569   0.996616
0042 58568.602103510129 52021 743275.179   3.039209   1.003370
0043 58568.602103853009 52021 772899.968   3.035495   0.996973
0044 58568.602104016565 52021 787031.228   3.133151   0.998217
0045 58568.602104406586 52021 820728.993   3.587147   1.004462
0046 58568.602104483667 52021 827388.834   3.371946   1.002552
0047 58568.602104801874 52021 854881.896   2.996650   0.998708
0048 58568.602105009719 52021 872839.704   3.685078   0.998984
0049 58568.602105276652 52021 895902.720   3.348402   1.000352
0050 58568.602105510094 52021 916072.094   3.392821   0.998209
0051 58568.602105901089 52021 949854.097   3.326030   1.000467
0052 58568.602106006525 52021 958963.759   3.553652   0.998342
0053 58568.602106249862 52021 979988.087   3.096029   0.998351
0054 58568.602106504302 52022   1971.724   3.221326   1.000098
0055 58568.602106687387 52022  17790.261   3.067379   1.002728
0056 58568.602106981263 52022  43181.141   3.143117   0.999749
0057 58568.602107205355 52022  62542.709   3.213919   1.003596
0058 58568.602107466832 52022  85134.243   3.017743   1.003490
0059 58568.602107692335 52022 104617.767   3.072862   1.000273
0060 58568.602107934465 52022 125537.740   3.127432   0.997188
0061 58568.602108170511 52022 145932.168   3.119735   0.996829
0062 58568.602108503284 52022 174683.772   3.129005   0.999026
0063 58568.602108621249 52022 184875.957   3.040651   1.000021
0064 58568.602108840962 52022 203859.081   3.027756   1.002674
0065 58568.602109094536 52022 225767.910   3.711451   0.997772
0066 58568.602109307780 52022 244192.171   3.110964   1.002492
0067 58568.602109690612 52022 277268.837   3.054546   0.999479
0068 58568.602109846644 52022 290750.081   3.016621   1.002945
0069 58568.602110095206 52022 312225.774   2.936425   0.997039
0070 58568.602110442444 52022 342227.120   3.195392   1.001118
0071 58568.602110654603 52022 360557.714   3.253058   1.000872
0072 58568.602110828448 52022 375577.874   3.037853   1.001277
0073 58568.602111172004 52022 405261.127   2.926087   1.002011
0074 58568.602111341039 52022 419865.755   2.990417   0.994585
0075 58568.602111668210 52022 448133.305   3.095569   1.003570
0076 58568.602111878579 52022 466309.252   2.979731   0.995570
0077 58568.602112214430 52022 495326.772   3.208315   1.001927
0078 58568.602112393215 52022 510773.782   3.114897   1.003454
0079 58568.602112649569 52022 532922.751   3.112128   0.999126
0080 58568.602112788052 52022 544887.709   2.979826   1.000574
0081 58568.602112969238 52022 560542.170   3.218587   0.997870
0082 58568.602113194931 52022 580042.039   3.287867   0.997891
0083 58568.602113368368 52022 595026.996   2.978165   0.999784
0084 58568.602113577581 52022 613102.989   2.925196   0.999984
0085 58568.602113776331 52022 630274.994   2.989062   0.999613
0086 58568.602113963090 52022 646410.996   3.039674   0.996572
0087 58568.602114214249 52022 668111.115   3.124510   1.005523
0088 58568.602114508853 52022 693564.859   2.940700   0.999130
0089 58568.602114765636 52022 715750.919   2.997536   0.998157
0090 58568.602115003116 52022 736269.189   3.330273   0.999098
0091 58568.602115201080 52022 753373.301   3.054177   0.996639
0092 58568.602115405403 52022 771026.846   3.117350   1.002947
0093 58568.602115657937 52022 792845.778   2.903847   0.998107
0094 58568.602115837952 52022 808399.028   2.945355   0.998959
0095 58568.602116128452 52022 833498.218   2.988897   0.999695
0096 58568.602116401016 52022 857047.804   3.454143   1.000782
0097 58568.602116712776 52022 883983.888   3.249084   1.000876
0098 58568.602116895963 52022 899811.226   3.136406   1.002055
0099 58568.602117149465 52022 921713.768   2.895607   0.996041
0100 58568.602117385490 52022 942106.309   2.974236   1.001933
0101 58568.602117610848 52022 961577.261   3.117487   0.997868
0102 58568.602117908609 52022 987303.836   3.193474   0.999716
0103 58568.602118089904 52023   2967.727   3.041694   0.998567
0104 58568.602118378207 52023  27877.067   3.592168   1.003210
0105 58568.602118513285 52023  39547.820   3.064300   0.999643
0106 58568.602118793147 52023  63727.934   2.910609   1.000384
0107 58568.602119066680 52023  87361.129   3.065002   0.999624
0108 58568.602119338299 52023 110828.991   2.986109   1.004892
0109 58568.602119671319 52023 139601.969   3.027240   0.995785
0110 58568.602119794617 52023 150254.949   3.024973   1.002269
0111 58568.602120113253 52023 177785.100   3.264990   0.996356
0112 58568.602120314281 52023 195153.871   2.965430   1.001745
0113 58568.602120594551 52023 219369.189   2.926685   0.993589
0114 58568.602120817202 52023 238606.285   3.219945   0.999128
0115 58568.602121048047 52023 258551.233   2.936569   0.998571
0116 58568.602121364864 52023 285924.224   3.047145   1.000192
0117 58568.602121599666 52023 306211.154   3.138231   1.005185
0118 58568.602121855962 52023 328355.094   2.950226   0.998089
0119 58568.602122067561 52023 346637.283   3.125551   1.001522
0120 58568.602122360797 52023 371972.842   3.234515   1.000777
0121 58568.602122557109 52023 388934.252   3.111597   0.993861
0122 58568.602122784745 52023 408601.969   3.225187   0.997739
0123 58568.602123128672 52023 438317.282   3.038621   0.999894
0124 58568.602123263961 52023 450006.265   2.989965   0.999702
0125 58568.602123544268 52023 474224.727   3.193170   1.003232
0126 58568.602123777142 52023 494345.066   3.288538   0.999311
0127 58568.602124002166 52023 513787.100   3.027600   1.006919
0128 58568.602124295714 52023 539149.691   2.937655   0.998823
0129 58568.602124609570 52023 566266.824   2.915962   1.001589
0130 58568.602124893463 52023 590795.207   2.987886   1.001142
0131 58568.602125071564 52023 606183.124   3.236598   1.000561
0132 58568.602125354708 52023 630646.756   2.939308   1.000342
0133 58568.602125594545 52023 651368.706   2.875029   0.999622
0134 58568.602125985126 52023 685114.877   2.909722   0.999733
0135 58568.602126324135 52023 714405.228   2.806364   0.993930
0136 58568.602126499107 52023 729522.829   2.927629   0.997121
0137 58568.602126733509 52023 749775.183   2.879739   1.004128
0138 58568.602127027647 52023 775188.695   3.111163   1.000333
0139 58568.602127315222 52023 800035.170   2.895166   1.002759
0140 58568.602127536462 52023 819150.310   3.069433   1.003621
0141 58568.602127746250 52023 837275.966   2.960456   0.997090
0142 58568.602127949802 52023 854862.875   2.813321   0.999868
0143 58568.602128258324 52023 881519.213   2.974206   1.000209
0144 58568.602128465151 52023 899389.012   2.866242   1.001276
0145 58568.602128745508 52023 923611.874   2.973063   1.002295
0146 58568.602128972649 52023 943236.843   2.820468   1.000998
0147 58568.602129193903 52023 962353.240   2.858075   0.999318
0148 58568.602129449166 52023 984407.913   3.006723   1.000678
0149 58568.602129638588 52024    773.998   2.877612   0.998476
0150 58568.602129912710 52024  24458.113   2.855025   1.002400
0151 58568.602130140462 52024  44135.888   2.843839   0.997790
0152 58568.602130409985 52024  67422.701   2.840466   0.996370
0153 58568.602130677478 52024  90534.123   2.819504   1.005091
0154 58568.602130952568 52024 114301.847   2.882870   1.001717
0155 58568.602131175452 52024 133559.060   2.958338   0.995681
0156 58568.602131396678 52024 152672.943   2.900983   0.997240
0157 58568.602131637475 52024 173477.874   3.036683   0.997282
0158 58568.602131896667 52024 195872.014   2.823059   1.003304
0159 58568.602132158070 52024 218457.262   2.977770   1.000560
0160 58568.602132371874 52024 236929.929   2.800568   0.999347
0161 58568.602132620610 52024 258420.710   2.937248   0.997067
0162 58568.602132890417 52024 281732.040   3.198632   1.002272
0163 58568.602133097746 52024 299645.214   2.869391   0.997078
0164 58568.602133364016 52024 322651.024   2.856552   0.999414
0165 58568.602133571665 52024 340591.859   2.828001   1.000037
0166 58568.602133810367 52024 361215.741   3.333625   0.997298
0167 58568.602134064698 52024 383189.948   3.227408   0.999589
0168 58568.602134299916 52024 403512.711   3.270136   1.000633
0169 58568.602134602836 52024 429684.994   2.797894   1.002679
0170 58568.602134807821 52024 447395.746   3.022191   1.000149
0171 58568.602135074398 52024 470427.958   2.853219   0.996274
0172 58568.602135354377 52024 494618.131   2.820381   1.000433
0173 58568.602135617133 52024 517320.306   3.461038   1.000197
0174 58568.602135885973 52024 540548.027   3.043158   1.004167
0175 58568.602136159272 52024 564161.105   3.018922   1.001801
0176 58568.602136408932 52024 585731.723   3.230575   0.999365
0177 58568.602136683010 52024 609412.067   2.763445   1.000201
0178 58568.602136907706 52024 628825.812   2.857375   0.999185
0179 58568.602137105394 52024 645906.035   2.779796   1.002196
0180 58568.602137321599 52024 664586.154   2.866962   1.004217
0181 58568.602137523390 52024 682020.932   3.020724   0.999430
0182 58568.602137748654 52024 701483.711   2.620118   1.005122
0183 58568.602137943555 52024 718323.164   3.076046   0.997265
0184 58568.602138109898 52024 732695.194   2.839161   0.997500
0185 58568.602138324284 52024 751218.152   2.691276   0.997772
0186 58568.602138541966 52024 770025.886   2.641608   1.003727
0187 58568.602138776689 52024 790305.900   2.680090   1.004315
0188 58568.602139068229 52024 815494.986   2.875979   1.003278
0189 58568.602139299306 52024 835460.051   3.127061   0.997560
0190 58568.602139589908 52024 860568.042   2.874561   0.997477
0191 58568.602139851617 52024 883179.693   2.615135   1.003460
0192 58568.602140132178 52024 907420.157   2.607838   0.997109
0193 58568.602140339826 52024 925360.992   2.624669   0.999213
0194 58568.602140553157 52024 943792.797   2.519684   1.004454
0195 58568.602140776689 52024 963105.959   2.541386   0.996224
0196 58568.602140960604 52024 978996.161   2.928059   1.001439
0197 58568.602141209063 52025    463.054   2.626722   0.996563
0198 58568.602141417410 52025  18464.238   2.772547   0.999764
0199 58568.602141623538 52025  36273.687   2.687973   0.999801
0200 58568.602141838157 52025  54816.762   2.591817   0.999067
0201 58568.602142065014 52025  74417.214   2.556035   0.997422
0202 58568.602142336502 52025  97873.760   2.592038   0.998704
0203 58568.602142545373 52025 115920.207   2.503210   0.994106
0204 58568.602142740427 52025 132772.862   2.656312   0.996537
0205 58568.602142976415 52025 153162.261   2.533299   0.992609
0206 58568.602143175427 52025 170356.897   2.944818   1.001095
0207 58568.602143393531 52025 189201.091   2.520512   1.000307
0208 58568.602143592630 52025 206403.271   2.825722   1.003150
0209 58568.602143822398 52025 226255.180   2.793990   0.994512
0210 58568.602144070443 52025 247686.240   2.774977   0.996756
0211 58568.602144259734 52025 264041.009   2.878416   1.000214
0212 58568.602144475160 52025 282653.864   2.540819   1.004485
0213 58568.602144692486 52025 301430.793   2.514297   0.993971
0214 58568.602144873192 52025 317043.765   2.847453   1.001011
0215 58568.602145040553 52025 331503.805   3.231766   0.998273
0216 58568.602145266042 52025 350986.072   2.649274   0.998305
0217 58568.602145440105 52025 366025.092   2.691850   1.000286
0218 58568.602145613499 52025 381006.277   2.798800   1.000240
0219 58568.602145829711 52025 399687.025   2.504753   0.998331
0220 58568.602146012556 52025 415484.817   2.591240   0.998533
0221 58568.602146203979 52025 432023.779   2.876755   0.998134
0222 58568.602146384292 52025 447602.803   2.611366   0.994474
0223 58568.602146564801 52025 463198.801   2.645228   0.999868
0224 58568.602146778612 52025 481672.096   2.748234   1.004796
0225 58568.602147061261 52025 506092.981   2.513868   0.997779
0226 58568.602147292186 52025 526044.844   2.681945   1.005099
0227 58568.602147543752 52025 547780.166   2.570809   1.006525
0228 58568.602147758378 52025 566323.870   2.613600   1.001313
0229 58568.602147971411 52025 584729.901   2.589457   1.003362
0230 58568.602148226964 52025 606809.719   2.622512   1.004211
0231 58568.602148475773 52025 628306.787   2.523800   1.003414
0232 58568.602148728707 52025 650160.294   2.520470   0.999108
0233 58568.602148966376 52025 670694.909   2.500880   1.005606
0234 58568.602149221930 52025 692774.728   2.888169   1.002899
0235 58568.602149537110 52025 720006.274   2.428145   1.000219
0236 58568.602149763297 52025 739548.891   2.416904   1.001899
0237 58568.602150005347 52025 760461.949   2.416535   1.002197
0238 58568.602150245046 52025 781171.955   2.399909   0.997232
0239 58568.602150515413 52025 804531.691   2.608961   1.001186
0240 58568.602150763596 52025 825974.694   2.523258   1.003845
0241 58568.602151054503 52025 851109.088   2.582638   0.997029
0242 58568.602151277664 52025 870390.190   2.329950   0.997198
0243 58568.602151547173 52025 893675.745   2.383684   1.003621
0244 58568.602151784537 52025 914183.958   2.435460   0.996727
0245 58568.602152003470 52025 933099.817   2.382867   1.000605
0246 58568.602152301261 52025 958828.907   2.504535   0.998109
0247 58568.602152529580 52025 978555.717   2.353147   1.001992
0248 58568.602152796295 52026   1599.873   2.284109   1.001836
0249 58568.602153040105 52026  22665.063   2.383203   1.002221
0250 58568.602153266496 52026  42225.282   2.300636   0.997243
0251 58568.602153509048 52026  63181.716   2.216434   0.996502
0252 58568.602153776519 52026  86291.252   2.233111   1.000809
0253 58568.602154049455 52026 109872.898   2.721092   0.999793
0254 58568.602154284679 52026 130196.289   2.289632   0.997935
0255 58568.602154547618 52026 152914.180   2.207856   0.998615
0256 58568.602154745939 52026 170049.096   2.196766   0.996557
0257 58568.602154955996 52026 188198.011   2.897612   1.002948
0258 58568.602155221692 52026 211154.158   2.113094   0.996798
0259 58568.602155458473 52026 231612.079   2.317799   1.003940
0260 58568.602155739638 52026 255904.720   2.315539   0.998045
0261 58568.602156010369 52026 279295.888   2.187228   0.999362
0262 58568.602156340741 52026 307840.040   2.206147   0.999705
0263 58568.602156573012 52026 327908.202   2.268478   1.002344
0264 58568.602156893023 52026 355557.167   2.229424   0.999413
0265 58568.602157118148 52026 375008.002   2.718308   1.000841
0266 58568.602157368310 52026 396621.997   2.183696   0.995942
0267 58568.602157580033 52026 414914.872   2.107319   0.999639
0268 58568.602157811387 52026 434903.825   2.472693   1.005516
0269 58568.602158068388 52026 457108.743   2.156329   0.998819
0270 58568.602158324225 52026 479213.079   2.073197   1.004983
0271 58568.602158622001 52026 504940.912   2.316930   0.996808
0272 58568.602158848415 52026 524503.017   2.518459   0.997815
0273 58568.602159078058 52026 544344.239   2.041334   1.004262
0274 58568.602159299378 52026 563466.294   2.120571   0.997564
0275 58568.602159529582 52026 583355.921   2.361078   1.001531
0276 58568.602159823255 52026 608729.200   2.052316   0.997391
0277 58568.602160028786 52026 626487.100   2.169324   1.004707
0278 58568.602160307673 52026 650582.976   2.213559   1.000827
0279 58568.602160526236 52026 669466.775   2.461054   0.998221
0280 58568.602160797651 52026 692917.035   2.024477   1.006427
0281 58568.602161045361 52026 714319.177   2.812571   1.001705
0282 58568.602161289760 52026 735435.287   2.016011   1.003728
0283 58568.602161528266 52026 756042.195   2.647851   1.000091
0284 58568.602161693852 52026 770348.847   2.085675   0.999861
0285 58568.602161919545 52026 789848.716   1.939493   1.001764
0286 58568.602162113079 52026 806569.984   2.021104   0.996198
0287 58568.602162288909 52026 821761.765   1.974024   1.004633
0288 58568.602162521369 52026 841846.271   1.907929   1.003411
0289 58568.602162701733 52026 857429.696   2.706584   0.996403
0290 58568.602162916271 52026 875965.856   2.254250   1.003595
0291 58568.602163191783 52026 899770.042   2.372018   0.999283
0292 58568.602163387208 52026 916654.757   2.278842   1.000864
0293 58568.602163673087 52026 941354.759   1.943025   1.002761
0294 58568.602163875265 52026 958822.855   2.169280   0.997945
0295 58568.602164137570 52026 981486.054   2.103447   0.996726
0296 58568.602164374664 52027   1971.006   1.793924   0.992678
0297 58568.602164569580 52027  18811.717   2.236540   1.001687
0298 58568.602164820484 52027  40489.833   2.039253   1.000751
0299 58568.602165019402 52027  57676.297   1.813532   1.000544
0300 58568.602165280703 52027  80252.743   1.826618   0.997661
0301 58568.602165592361 52027 107180.026   1.980916   0.997989
0302 58568.602165791955 52027 124424.954   2.028547   1.003269
0303 58568.602166039964 52027 145852.870   2.627308   0.998143
0304 58568.602166246317 52027 163681.807   2.006149   0.995937
0305 58568.602166435448 52027 180022.746   1.861798   0.998294
0306 58568.602166715544 52027 204222.977   1.805932   0.999694
0307 58568.602166914563 52027 221418.242   2.168523   1.000386
0308 58568.602167177625 52027 244146.820   1.712256   1.003604
0309 58568.602167413672 52027 264541.248   1.985383   0.999582
0310 58568.602167673613 52027 287000.138   1.817902   0.999580
0311 58568.602167956087 52027 311405.935   2.007998   1.003153
0312 58568.602168178055 52027 330583.939   1.796097   0.998290
0313 58568.602168480531 52027 356717.875   2.607533   1.005198
0314 58568.602168703772 52027 376005.892   2.156298   1.001941
0315 58568.602168959180 52027 398073.138   2.734895   0.995794
0316 58568.602169174337 52027 416662.732   2.081066   0.999792
0317 58568.602169395184 52027 435743.925   1.784025   1.002140
0318 58568.602169691760 52027 461368.032   1.700930   1.003360
0319 58568.602169928345 52027 481808.979   2.092816   1.004489
0320 58568.602170256403 52027 510153.223   1.658075   1.001310
0321 58568.602170482212 52027 529663.150   2.550322   1.000816
0322 58568.602170735969 52027 551587.694   2.088568   1.002599
0323 58568.602170962549 52027 571164.258   1.753424   0.999256
0324 58568.602171214166 52027 592903.981   1.770354   0.997206
0325 58568.602171464307 52027 614516.090   2.042366   1.000076
0326 58568.602171673556 52027 632595.226   1.706149   0.998290
0327 58568.602171988110 52027 659772.709   2.054046   1.000186
0328 58568.602172231236 52027 680778.806   1.605241   1.001632
0329 58568.602172574465 52027 710433.770   1.900249   1.002737
0330 58568.602172835832 52027 733015.874   1.850052   0.997697
0331 58568.602173127474 52027 758213.761   1.686208   1.000549
0332 58568.602173355779 52027 777939.313   1.721037   1.004972
0333 58568.602173657026 52027 803967.008   1.688167   0.998248
0334 58568.602173882500 52027 823448.018   1.925765   1.003715
0335 58568.602174141306 52027 845808.840   1.877602   0.995474
0336 58568.602174374202 52027 865931.066   1.722466   0.998797
0337 58568.602174667605 52027 891281.084   2.224442   1.001100
0338 58568.602174964210 52027 916907.705   1.590103   0.998299
0339 58568.602175210268 52027 938167.145   1.499254   0.998593
0340 58568.602175472035 52027 960783.825   1.713187   0.999412
0341 58568.602175695800 52027 980117.104   1.747840   0.999080
0342 58568.602175984481 52028   5059.133   1.685391   0.996845
0343 58568.602176215012 52028  24977.050   1.670424   0.997879
0344 58568.602176458735 52028  46034.696   1.528701   0.998787
0345 58568.602176693959 52028  66358.087   1.811096   0.996268
0346 58568.602176943736 52028  87938.763   2.055776   1.005202
0347 58568.602177217428 52028 111585.788   2.276877   1.000961
0348 58568.602177463748 52028 132867.860   1.600813   0.993593
0349 58568.602177743531 52028 157041.059   1.584264   1.000513
0350 58568.602177960674 52028 175802.273   1.602124   1.001866
0351 58568.602178223700 52028 198527.708   1.456465   0.999077
0352 58568.602178453344 52028 218368.930   1.487337   1.001214
0353 58568.602178687222 52028 238576.022   1.799504   1.004051
0354 58568.602178927867 52028 259367.752   1.735701   1.002086
0355 58568.602179175083 52028 280727.146   1.760247   0.997111
0356 58568.602179479814 52028 307055.961   1.549698   1.002392
0357 58568.602179713635 52028 327258.024   1.500845   0.999408
0358 58568.602179976508 52028 349970.258   1.452613   1.005517
0359 58568.602180211434 52028 370267.875   2.102888   1.002468
0360 58568.602180430913 52028 389230.883   1.663295   0.999133
0361 58568.602180705471 52028 412952.716   1.452067   1.000345
0362 58568.602180939743 52028 433193.755   1.514146   0.993779
0363 58568.602181214512 52028 456933.820   1.533498   0.999884
0364 58568.602181474344 52028 479383.281   1.475556   1.000037
0365 58568.602181776980 52028 505531.047   2.004113   1.002884
0366 58568.602182024777 52028 526940.732   1.621573   0.997497
0367 58568.602182276773 52028 548713.145   1.483467   1.000259
0368 58568.602182512746 52028 569101.286   1.698408   1.002739
0369 58568.602182781586 52028 592329.007   1.453813   0.999387
0370 58568.602183064686 52028 616788.867   1.457128   1.000459
0371 58568.602183288043 52028 636086.942   1.684943   1.002739
0372 58568.602183478783 52028 652566.811   1.402534   1.001457
0373 58568.602183661285 52028 668335.057   1.591138   0.995307
0374 58568.602183896088 52028 688621.987   2.066505   1.000518
0375 58568.602184128169 52028 708673.804   1.341148   0.999128
0376 58568.602184313764 52028 724709.223   1.724200   0.995877
0377 58568.602184521609 52028 742667.031   1.382622   1.000440
0378 58568.602184725474 52028 760280.972   1.431976   1.000942
0379 58568.602184894480 52028 774883.086   1.479170   0.998519
0380 58568.602185075848 52028 790553.263   1.363190   0.996292
0381 58568.602185289645 52028 809025.302   1.861499   0.992682
0382 58568.602185456599 52028 823450.138   1.528300   1.000579
0383 58568.602185664931 52028 841450.065   2.227945   1.006240
0384 58568.602185852222 52028 857631.958   1.417302   1.003572
0385 58568.602186050302 52028 874746.128   2.868108   1.004084
0386 58568.602186299540 52028 896280.285   1.419208   0.998611
0387 58568.602186512580 52028 914686.944   1.336606   1.003969
0388 58568.602186709082 52028 931664.699   1.732149   0.999677
0389 58568.602186971839 52028 954366.874   1.376776   1.002874
0390 58568.602187167220 52028 971247.817   1.397462   1.000071
0391 58568.602187375640 52028 989255.289   1.622592   1.002249
0392 58568.602187593322 52029   8063.022   1.362461   0.999099
0393 58568.602187761200 52029  22567.696   1.527422   1.003840
0394 58568.602187954697 52029  39285.821   1.344746   0.999454
0395 58568.602188176068 52029  58412.276   2.175827   1.000179
0396 58568.602188410245 52029  78645.143   1.746756   0.997547
0397 58568.602188668701 52029 100975.790   1.372714   0.997799
0398 58568.602188841447 52029 115901.026   1.942114   0.997945
0399 58568.602189023739 52029 131651.041   1.506811   0.996753
0400 58568.602189222707 52029 148841.905   1.653371   0.998631
0401 58568.602189409939 52029 165018.769   1.347506   0.998074
0402 58568.602189575533 52029 179326.049   1.533506   1.002449
0403 58568.602189856560 52029 203606.746   1.489720   0.995648
0404 58568.602190053927 52029 220659.309   1.825888   0.998423
0405 58568.602190277394 52029 239966.813   1.353461   0.998524
0406 58568.602190501340 52029 259315.808   1.445579   0.995589
0407 58568.602190690232 52029 275636.002   1.589801   1.001184
0408 58568.602190909769 52029 294604.040   1.670122   0.998836
0409 58568.602191102465 52029 311253.014   1.283497   0.994608
0410 58568.602191294318 52029 327829.066   1.409973   1.001768
0411 58568.602191502723 52029 345835.280   1.485990   1.000774
0412 58568.602191678729 52029 361042.148   1.478513   1.000549
0413 58568.602191850325 52029 375868.058   1.303352   0.992584
0414 58568.602192057027 52029 393727.169   1.412563   1.005444
0415 58568.602192238221 52029 409382.259   1.289489   1.000214
0416 58568.602192413484 52029 424525.006   1.343883   1.000986
0417 58568.602192634477 52029 443618.772   1.433370   1.002613
0418 58568.602192811537 52029 458916.793   1.553705   1.000075
0419 58568.602192998980 52029 475111.887   1.765680   1.001413
0420 58568.602193251376 52029 496918.875   1.354994   0.999313
0421 58568.602193428742 52029 512243.299   1.570190   0.998229
0422 58568.602193607156 52029 527658.247   1.303659   1.003446
0423 58568.602193812163 52029 545370.885   1.210710   1.000019
0424 58568.602193989871 52029 560724.855   1.128721   0.997267
0425 58568.602194165855 52029 575929.837   1.321837   0.999267
0426 58568.602194371946 52029 593736.143   1.326973   1.004446
0427 58568.602194557534 52029 609770.933   1.860185   0.998286
0428 58568.602194723157 52029 624080.728   1.314989   0.997085
0429 58568.602194909596 52029 640189.069   2.242425   1.000133
0430 58568.602195137129 52029 659847.985   1.490464   1.000978
0431 58568.602195374260 52029 680336.080   1.322392   1.000432
0432 58568.602195683692 52029 707070.999   1.407326   1.003243
0433 58568.602195913227 52029 726902.791   1.506091   0.999386
0434 58568.602196216663 52029 753119.708   1.329032   1.001504
0435 58568.602196399457 52029 768913.100   1.348248   0.997826
0436 58568.602196602915 52029 786491.836   1.429475   1.001904
0437 58568.602196817199 52029 805005.994   1.913505   1.000206
0438 58568.602197022730 52029 822763.894   1.428829   0.996859
0439 58568.602197298656 52029 846603.912   1.649551   0.999970
0440 58568.602197494540 52029 863528.232   1.568574   1.002650
0441 58568.602197731212 52029 883976.723   2.322765   1.005540
0442 58568.602197969893 52029 904598.719   1.199056   1.000557
0443 58568.602198145825 52029 919799.301   1.095413   0.997933
0444 58568.602198404886 52029 942182.126   2.008422   1.003445
0445 58568.602198626635 52029 961341.270   1.785877   1.001281
0446 58568.602198848632 52029 980521.789   0.983476   1.004420
0447 58568.602199093912 52030   1713.964   1.140051   0.999530
0448 58568.602199309156 52030  20311.102   1.238074   1.001867
0449 58568.602199600071 52030  45446.125   1.245641   0.999044
0450 58568.602199822693 52030  64680.707   2.165852   1.000674
0451 58568.602200068446 52030  85913.744   0.965464   0.999603
0452 58568.602200314876 52030 107205.245   1.262400   1.001174
0453 58568.602200544003 52030 127001.833   1.440224   1.001393
0454 58568.602200812209 52030 150174.862   1.389237   1.000998
0455 58568.602200999572 52030 166363.041   1.680118   1.000294
0456 58568.602201238355 52030 186993.838   1.055542   0.999671
0457 58568.602201436297 52030 204096.064   1.257610   0.997236
0458 58568.602201661073 52030 223516.724   1.660184   1.000707
0459 58568.602201947746 52030 248285.248   1.461504   1.000021
0460 58568.602202134593 52030 264428.793   1.215757   1.005129
0461 58568.602202399306 52030 287300.074   1.150605   0.999119
0462 58568.602202620626 52030 306422.128   1.075689   1.001407
0463 58568.602202817150 52030 323401.769   0.924276   1.001456
0464 58568.602203088070 52030 346809.281   1.529711   1.001419
0465 58568.602203284005 52030 363738.001   1.592408   1.000396
0466 58568.602203550785 52030 386787.816   1.157111   1.000366
0467 58568.602203760231 52030 404883.926   1.431972   1.000810
0468 58568.602203983981 52030 424215.947   1.006566   0.998855
0469 58568.602204267925 52030 448748.730   1.610895   0.994361
0470 58568.602204471354 52030 466324.952   0.980658   0.997072
0471 58568.602204834089 52030 497665.307   0.987922   0.997311
0472 58568.602205074007 52030 518394.173   1.737567   0.998430
0473 58568.602205359108 52030 543026.910   1.615090   0.995450
0474 58568.602205604628 52030 564239.831   1.271085   0.998704
0475 58568.602205867755 52030 586974.067   1.078883   0.999914
0476 58568.602206107142 52030 607657.041   1.340942   0.999097
0477 58568.602206337520 52030 627561.756   1.083418   0.998705
0478 58568.602206602998 52030 650499.044   1.209206   1.001537
0479 58568.602206824100 52030 669602.240   0.902428   0.996002
0480 58568.602207165452 52030 699095.014   1.463865   1.003871
0481 58568.602207406184 52030 719894.287   1.226701   1.000612
0482 58568.602207667383 52030 742461.933   1.024623   0.998005
0483 58568.602207884003 52030 761177.884   1.517275   0.998910
0484 58568.602208135402 52030 782898.748   1.861417   1.001808
0485 58568.602208392324 52030 805096.752   1.075831   0.999264
0486 58568.602208646771 52030 827081.017   1.671693   0.993362
0487 58568.602208931610 52030 851691.123   1.770830   0.995491
0488 58568.602209220553 52030 876655.784   1.518616   0.994975
0489 58568.602209532139 52030 903576.780   1.438776   1.002166
0490 58568.602209751320 52030 922514.014   2.295145   0.999666
0491 58568.602209969198 52030 941338.721   1.692571   1.000948
0492 58568.602210192177 52030 960604.106   1.384168   1.002177
0493 58568.602210415593 52030 979907.210   1.463640   0.996654
0494 58568.602210668192 52031   1731.800   1.255335   1.003995
0495 58568.602210890662 52031  20953.180   1.076118   1.002469
0496 58568.602211216930 52031  49142.778   1.613218   1.001584
0497 58568.602211509293 52031  74402.900   1.373930   1.002231
0498 58568.602211870268 52031 105591.124   1.755250   0.999140
0499 58568.602212146689 52031 129473.890   1.025328   0.995997
0500 58568.602212422396 52031 153295.049   0.930376   1.001231
0501 58568.602212669233 52031 174621.754   0.958754   1.003152
0502 58568.602212921265 52031 196397.310   1.017319   1.004432
0503 58568.602213144964 52031 215724.931   1.055428   1.004773
0504 58568.602213418191 52031 239331.723   1.259635   1.000184
0505 58568.602213656850 52031 259951.834   1.558685   0.998615
0506 58568.602213937040 52031 284160.237   1.486687   1.004782
0507 58568.602214282917 52031 314044.027   1.153261   1.001501
0508 58568.602214502687 52031 333032.181   1.152959   0.996364
0509 58568.602214715727 52031 351438.840   1.850114   0.998608
0510 58568.602214982733 52031 374508.142   1.060125   0.999917
0511 58568.602215172832 52031 390932.691   1.281059   0.999007
0512 58568.602215405415 52031 411027.885   2.044307   0.999282
0513 58568.602215570303 52031 425274.187   1.226595   0.999516
0514 58568.602215772917 52031 442780.001   2.343522   0.998614
0515 58568.602215961786 52031 459098.309   0.931233   0.998829
0516 58568.602216160332 52031 476252.712   1.682291   1.001618
0517 58568.602216395855 52031 496601.878   1.516494   0.998616
0518 58568.602216674975 52031 520717.870   0.927850   1.001129
0519 58568.602216906598 52031 540730.083   1.543710   1.000425
0520 58568.602217136402 52031 560585.136   1.841492   0.998363
0521 58568.602217378910 52031 581537.798   1.131915   0.999227
0522 58568.602217587882 52031 599593.046   1.024769   0.996837
0523 58568.602217860593 52031 623155.205   1.038846   1.004679
0524 58568.602218085187 52031 642560.149   1.172915   1.003551
0525 58568.602218387568 52031 668685.912   1.039196   1.000590
0526 58568.602218623470 52031 689067.767   1.212987   1.000325
0527 58568.602218929256 52031 715487.735   2.445851   0.999140
0528 58568.602219144632 52031 734096.189   1.092790   0.996775
0529 58568.602219363253 52031 752985.017   1.291925   0.998990
0530 58568.602219613924 52031 774643.017   1.037751   1.001478
0531 58568.602219860535 52031 795950.234   0.971067   0.995538
0532 58568.602220148983 52031 820872.147   1.753152   1.001274
0533 58568.602220378198 52031 840676.279   0.940251   1.003012
0534 58568.602220639754 52031 863274.728   1.304481   1.001394
0535 58568.602220887151 52031 884649.838   1.079250   1.000732
0536 58568.602221127410 52031 905408.250   0.917181   1.002784
0537 58568.602221325636 52031 922534.993   1.357794   1.007962
0538 58568.602221490997 52031 936822.156   2.906607   0.998018
0539 58568.602221718182 52031 956450.897   1.177347   1.001760
