# Event Log Opened on 2019-03-26T19:02:39.870030
# Event Detection
# bandwidth = 10000000.000000 MHz
# vlen      =    512
#  N      MJD          second  micro.sec    Peak       RMS
0001 58568.793522875494 68560 376442.689   4.010049   1.000805
0002 58568.793556534270 68563 284560.968   4.081070   1.000613
0003 58568.793561464488 68563 710531.802   3.916711   0.998548
0004 58568.793680994459 68574  37921.219   4.044866   0.996956
0005 58568.793690063365 68574 821474.729   3.733209   0.996903
0006 58568.793695704779 68575 308892.876   3.522715   1.001315
0007 58568.793696620131 68575 387979.276   3.706257   1.006842
0008 58568.793697075380 68575 427312.823   3.512811   1.003069
0009 58568.793697408910 68575 456129.806   3.728100   0.993660
0010 58568.793698647154 68575 563114.113   3.508727   1.001299
0011 58568.793698822890 68575 578297.721   3.340632   1.002831
0012 58568.793700041155 68575 683555.775   3.334462   1.001183
0013 58568.793700626877 68575 734162.144   3.413829   0.999703
0014 58568.793700977003 68575 764413.062   3.321309   1.001905
0015 58568.793701091228 68575 774282.124   3.339314   1.003010
0016 58568.793701730392 68575 829505.874   3.299916   0.996538
0017 58568.793702187060 68575 868962.007   3.528654   0.996926
0018 58568.793702543568 68575 899764.244   3.316696   0.998423
0019 58568.793703445590 68575 977698.970   3.332358   1.001611
0020 58568.793703574585 68575 988844.177   3.545850   1.007241
0021 58568.793704044714 68576  29463.299   3.226610   1.000976
0022 58568.793704644559 68576  81289.863   3.394440   0.994617
0023 58568.793704860451 68576  99942.951   3.473501   0.998463
0024 58568.793705269818 68576 135312.277   3.249078   0.999029
0025 58568.793705446631 68576 150588.924   3.246492   0.996225
0026 58568.793705857723 68576 186107.239   3.250568   0.999777
0027 58568.793706388089 68576 231930.894   3.248634   1.001783
0028 58568.793707075449 68576 291318.773   3.132150   0.998092
0029 58568.793707352386 68576 315246.173   3.292987   1.003393
0030 58568.793707629098 68576 339154.085   3.245226   0.995889
0031 58568.793708473786 68576 412135.107   3.275344   0.998980
0032 58568.793708715719 68576 433038.106   3.030019   1.001533
0033 58568.793709039652 68576 461025.910   3.049975   0.996172
0034 58568.793709431295 68576 494863.862   3.015536   1.001512
0035 58568.793709770871 68576 524203.247   3.169308   1.004087
0036 58568.793710190686 68576 560475.305   3.077389   1.001400
0037 58568.793710543890 68576 590992.138   3.168259   1.001366
0038 58568.793710889098 68576 620818.092   3.158246   1.003026
0039 58568.793711260078 68576 652870.700   3.164895   1.002993
0040 58568.793711603415 68576 682535.093   3.270136   1.001524
0041 58568.793711976272 68576 714749.890   3.049294   0.999903
0042 58568.793712252023 68576 738574.822   2.924099   1.000866
0043 58568.793712676714 68576 775268.069   3.034447   1.001977
0044 58568.793713147927 68576 815980.859   3.232194   1.000645
0045 58568.793713778992 68576 870504.930   3.326301   1.000335
0046 58568.793714179388 68576 905099.140   3.109961   1.001182
0047 58568.793714588668 68576 940460.922   3.230575   1.000961
0048 58568.793714933541 68576 970257.959   2.935877   1.003703
0049 58568.793715407453 68577  11203.975   2.807694   0.999336
0050 58568.793715718683 68577  38094.169   3.311580   0.999054
0051 58568.793715973603 68577  60119.295   2.868699   0.996238
0052 58568.793716341519 68577  91907.244   2.817263   0.996651
0053 58568.793716631168 68577 116932.883   3.158419   0.997978
0054 58568.793716958484 68577 145213.005   3.170639   1.000019
0055 58568.793717329805 68577 177295.159   2.798988   1.001948
0056 58568.793717667104 68577 206437.779   3.022784   1.002747
0057 58568.793717981738 68577 233622.177   2.792345   1.002052
0058 58568.793718263914 68577 258002.199   2.834041   1.002954
0059 58568.793718678542 68577 293826.034   3.193142   0.997186
0060 58568.793719509355 68577 365608.234   2.752337   1.004251
0061 58568.793719968613 68577 405288.164   3.033948   0.999412
0062 58568.793720312766 68577 435022.965   2.872683   0.998773
0063 58568.793720653921 68577 464498.766   2.923460   0.998289
0064 58568.793721020185 68577 496144.013   2.644268   0.998827
0065 58568.793721357455 68577 525284.118   2.678495   0.998375
0066 58568.793721678550 68577 553026.751   3.069272   1.001492
0067 58568.793722237868 68577 601351.775   2.560935   0.997058
0068 58568.793722595801 68577 632277.226   2.612496   0.997992
0069 58568.793722951668 68577 663024.142   2.705660   0.999037
0070 58568.793723288800 68577 692152.304   2.616107   1.003934
0071 58568.793723585150 68577 717756.922   2.566125   1.000330
0072 58568.793723928626 68577 747433.260   2.680126   0.997694
0073 58568.793724280200 68577 777809.277   2.727124   0.999899
0074 58568.793725293006 68577 865315.718   2.459035   1.000992
0075 58568.793725838666 68577 912460.780   2.536047   0.999137
0076 58568.793726176293 68577 941631.689   3.378044   1.003608
0077 58568.793726528544 68577 972066.170   2.449154   1.000746
0078 58568.793726906930 68578   4758.735   2.386469   0.998263
0079 58568.793727261283 68578  35374.894   2.433290   1.004416
0080 58568.793727582801 68578  63153.988   2.610610   1.000186
0081 58568.793727904980 68578  90990.288   2.397377   0.998775
0082 58568.793728229837 68578 119057.929   2.616541   0.998838
0083 58568.793728555749 68578 147216.723   2.395131   0.998425
0084 58568.793728950564 68578 181328.764   2.780064   1.003211
0085 58568.793729284225 68578 210157.063   2.371336   1.000195
0086 58568.793729614423 68578 238686.128   2.474889   1.003730
0087 58568.793729924524 68578 265478.881   2.805173   1.003959
0088 58568.793730235011 68578 292304.953   2.343814   0.998099
0089 58568.793730637997 68578 327122.959   2.205132   1.000912
0090 58568.793730971796 68578 355963.202   2.201820   0.995562
0091 58568.793731326761 68578 386632.167   2.382830   1.003559
0092 58568.793731634156 68578 413191.065   2.321761   1.001316
0093 58568.793731993006 68578 444195.725   2.422899   1.003254
0094 58568.793732306483 68578 471280.169   2.179059   1.002850
0095 58568.793732623948 68578 498709.109   2.531792   1.004137
0096 58568.793732951170 68578 526981.059   2.260677   1.003378
0097 58568.793733330764 68578 559777.979   2.260645   0.998328
0098 58568.793733748185 68578 595843.213   2.154184   1.007953
0099 58568.793734123530 68578 628273.006   2.163337   1.004293
0100 58568.793734433842 68578 655083.990   2.312523   0.995752
0101 58568.793734787527 68578 685642.313   2.209742   0.998925
0102 58568.793735119318 68578 714309.051   2.040770   0.995346
0103 58568.793735457533 68578 743530.880   2.242359   0.994446
0104 58568.793735904350 68578 782135.830   2.516475   1.005747
0105 58568.793736320207 68578 818065.906   2.172659   1.000072
0106 58568.793736662294 68578 847622.173   2.091669   1.000941
0107 58568.793737148670 68578 889645.054   2.192971   1.002679
0108 58568.793737626096 68578 930894.705   1.999890   0.994838
0109 58568.793738014720 68578 964471.770   2.387110   1.003676
0110 58568.793738379296 68578 995971.172   2.018670   0.998322
0111 58568.793738743065 68579  27400.794   2.166263   1.000738
0112 58568.793739063913 68579  55122.053   1.918537   0.998127
0113 58568.793739413573 68579  85332.737   2.348991   0.998687
0114 58568.793739718378 68579 111667.839   2.096336   1.004536
0115 58568.793740047200 68579 140078.090   1.984406   0.998734
0116 58568.793740365210 68579 167554.178   2.218639   0.998292
0117 58568.793740790265 68579 204278.858   2.444508   1.007994
0118 58568.793741114168 68579 232264.147   1.951233   1.002248
0119 58568.793741436195 68579 260087.246   2.530097   0.993266
0120 58568.793741750647 68579 287255.928   2.130426   1.002372
0121 58568.793742093469 68579 316875.688   2.201897   0.998034
0122 58568.793742397778 68579 343168.042   1.911250   0.998964
0123 58568.793742738497 68579 372606.124   2.005665   0.998362
0124 58568.793743058901 68579 400289.035   1.891265   0.994821
0125 58568.793743415685 68579 431115.161   1.927779   1.000596
0126 58568.793743753660 68579 460316.245   2.020684   0.999189
0127 58568.793744040922 68579 485135.688   2.172185   1.003143
0128 58568.793744410905 68579 517102.172   1.983665   0.998265
0129 58568.793744714545 68579 543336.690   1.916050   0.999777
0130 58568.793745044051 68579 571806.034   1.803371   1.001415
0131 58568.793745377960 68579 600655.707   1.870508   1.002479
0132 58568.793745740681 68579 631994.804   1.844953   1.002654
0133 58568.793746092699 68579 662409.169   1.829285   1.002363
0134 58568.793746441064 68579 692507.954   1.819104   0.998132
0135 58568.793746739968 68579 718333.227   1.821938   0.995432
0136 58568.793747067510 68579 746632.837   2.010153   0.994070
0137 58568.793747401287 68579 775471.194   2.395705   1.003714
0138 58568.793747742937 68579 804989.742   2.134713   0.999391
0139 58568.793748082608 68579 834337.300   2.066995   0.999787
0140 58568.793748486190 68579 869206.855   1.992800   0.999336
0141 58568.793748876386 68579 902919.708   2.122388   1.005606
0142 58568.793749236494 68579 934033.123   1.898288   1.003553
0143 58568.793749587698 68579 964377.079   1.999860   1.000563
0144 58568.793749953635 68579 995994.037   2.085360   0.999610
0145 58568.793750287710 68580  24858.168   1.860585   0.997748
0146 58568.793750599551 68580  51801.167   1.902663   1.001862
0147 58568.793750898105 68580  77596.265   1.940292   1.002651
0148 58568.793751196587 68580 103385.076   1.937478   1.003612
0149 58568.793751521065 68580 131420.027   1.935718   1.000515
0150 58568.793751827034 68580 157855.712   1.849626   1.000612
0151 58568.793752201462 68580 190206.296   1.806674   1.000588
0152 58568.793752574129 68580 222404.748   1.934638   0.998772
0153 58568.793752885314 68580 249291.169   1.913084   0.999211
0154 58568.793753186772 68580 275337.095   2.446996   0.996438
0155 58568.793753508151 68580 303104.245   2.145762   0.995890
0156 58568.793753799364 68580 328265.042   2.222982   1.004925
0157 58568.793754083243 68580 352792.167   2.437646   0.997778
0158 58568.793754414088 68580 381377.181   2.096857   0.997378
0159 58568.793754726932 68580 408406.933   1.899632   0.997861
0160 58568.793755017883 68580 433545.099   1.971001   1.001864
0161 58568.793755318991 68580 459560.850   1.950232   1.002667
0162 58568.793755621271 68580 485677.812   1.956056   0.999334
0163 58568.793755936596 68580 512921.931   2.239219   1.000303
0164 58568.793756224470 68580 537794.181   1.852273   0.998934
0165 58568.793756542014 68580 565230.036   2.314351   0.999290
0166 58568.793756886102 68580 594959.180   1.923544   0.997860
0167 58568.793757198851 68580 621980.759   2.035902   0.996416
0168 58568.793757506872 68580 648593.721   1.837642   1.000749
0169 58568.793757988795 68580 690231.873   2.043959   1.005668
0170 58568.793758459258 68580 730879.912   2.209639   0.997710
0171 58568.793758830303 68580 762938.177   1.905228   0.999726
0172 58568.793759173590 68580 792598.170   2.083644   0.999825
0173 58568.793759469547 68580 818168.842   1.982363   1.001921
0174 58568.793759786888 68580 845587.095   1.849802   0.999995
0175 58568.793760104025 68580 872987.746   2.031262   0.998348
0176 58568.793760433226 68580 901430.687   2.051593   1.002837
0177 58568.793760719396 68580 926155.834   2.391300   1.001884
0178 58568.793760997607 68580 950193.247   1.877675   0.999856
0179 58568.793761383866 68580 983566.004   1.804643   0.995871
0180 58568.793761705638 68581  11367.100   1.922637   1.000734
0181 58568.793761995279 68581  36392.110   2.173871   1.001887
0182 58568.793762322617 68581  64674.119   2.244870   1.001446
0183 58568.793762658737 68581  93714.898   1.965684   0.997275
0184 58568.793762971225 68581 120713.847   1.868148   1.000484
0185 58568.793763296700 68581 148834.922   1.844799   1.003086
0186 58568.793763624351 68581 177143.962   1.816161   0.998487
0187 58568.793764020578 68581 211377.960   1.892677   1.000544
